<?xml version="1.0" encoding="UTF-8"?>
<!-- Generated by org.testng.reporters.JUnitReportReporter -->
<testsuite skipped="0" hostname="Neerupas-MBP-2.hsd1.ca.comcast.net" name="javatest.AnagramStringTest" tests="1" failures="0" timestamp="21 Feb 2019 06:36:50 GMT" time="0.012" errors="0">
  <testcase name="AngramTest" time="0.012" classname="javatest.AnagramStringTest"/>
</testsuite> <!-- javatest.AnagramStringTest -->
