<?xml version="1.0" encoding="UTF-8"?>
<!-- Generated by org.testng.reporters.JUnitReportReporter -->
<testsuite skipped="0" hostname="Neerupas-MBP-2.hsd1.ca.comcast.net" name="scripts.ResultsTest" tests="1" failures="0" timestamp="21 Feb 2019 06:19:37 GMT" time="8.668" errors="0">
  <testcase name="checkResults" time="8.668" classname="scripts.ResultsTest"/>
</testsuite> <!-- scripts.ResultsTest -->
