<?xml version="1.0" encoding="UTF-8"?>
<!-- Generated by org.testng.reporters.JUnitReportReporter -->
<testsuite skipped="0" hostname="Neerupas-MBP-2.hsd1.ca.comcast.net" name="scripts.MainPageTest" tests="2" failures="0" timestamp="21 Feb 2019 06:19:37 GMT" time="16.776" errors="0">
  <testcase name="selectBundleTest" time="0.208" classname="scripts.MainPageTest"/>
  <testcase name="findDeals" time="16.568" classname="scripts.MainPageTest"/>
</testsuite> <!-- scripts.MainPageTest -->
