<?xml version="1.0" encoding="UTF-8"?>
<!-- Generated by org.testng.reporters.JUnitReportReporter -->
<testsuite skipped="0" hostname="Neerupas-MBP-2.hsd1.ca.comcast.net" name="javatest.DistanceBetweenNumbersTest" tests="1" failures="0" timestamp="21 Feb 2019 06:42:56 GMT" time="0.018" errors="0">
  <testcase name="checkDistance" time="0.018" classname="javatest.DistanceBetweenNumbersTest"/>
</testsuite> <!-- javatest.DistanceBetweenNumbersTest -->
